# Preference setting overrides
gui_create_pref_key -category {Globals} -key {load_detail_for_funcov} -value_type {bool} -value {false}

# State setting overrides
gui_state_default_create -off -ini
gui_set_state_value -category Layout -key child_console_size_x -value 1905
gui_set_state_value -category Layout -key child_console_size_y -value 105
gui_set_state_value -category Layout -key child_data_coltype -value 80
gui_set_state_value -category Layout -key child_data_colvariable -value 179
gui_set_state_value -category Layout -key child_data_size_x -value 295
gui_set_state_value -category Layout -key child_data_size_y -value 790
gui_set_state_value -category Layout -key child_driver_size_x -value 1647
gui_set_state_value -category Layout -key child_driver_size_y -value 179
gui_set_state_value -category Layout -key child_hier_col3 -value {-1}
gui_set_state_value -category Layout -key child_hier_colhier -value 141
gui_set_state_value -category Layout -key child_hier_colpd -value 0
gui_set_state_value -category Layout -key child_hier_coltype -value 80
gui_set_state_value -category Layout -key child_hier_size_x -value 170
gui_set_state_value -category Layout -key child_hier_size_y -value 790
gui_set_state_value -category Layout -key child_hier_sort_order -value 1
gui_set_state_value -category Layout -key child_list_down -value 184
gui_set_state_value -category Layout -key child_list_right -value 444
gui_set_state_value -category Layout -key child_source_docknewline -value false
gui_set_state_value -category Layout -key child_source_pos_x -value {-2}
gui_set_state_value -category Layout -key child_source_pos_y -value {-15}
gui_set_state_value -category Layout -key child_source_size_x -value 1443
gui_set_state_value -category Layout -key child_source_size_y -value 785
gui_set_state_value -category Layout -key child_wave_colname -value 275
gui_set_state_value -category Layout -key child_wave_colvalue -value 275
gui_set_state_value -category Layout -key child_wave_left -value 555
gui_set_state_value -category Layout -key child_wave_right -value 1352
gui_set_state_value -category Layout -key main_pos_x -value 1920
gui_set_state_value -category Layout -key main_pos_y -value 31
gui_set_state_value -category Layout -key main_size_x -value 3825
gui_set_state_value -category Layout -key main_size_y -value 1025
gui_set_state_value -category Layout -key stand_list_child_pos_x -value {-2}
gui_set_state_value -category Layout -key stand_list_child_pos_y -value {-15}
gui_set_state_value -category Layout -key stand_list_child_size_x -value 604
gui_set_state_value -category Layout -key stand_list_child_size_y -value 329
gui_set_state_value -category Layout -key stand_list_top_pos_x -value 966
gui_set_state_value -category Layout -key stand_list_top_pos_y -value 387
gui_set_state_value -category Layout -key stand_list_top_size_x -value 1565
gui_set_state_value -category Layout -key stand_list_top_size_y -value 886
gui_set_state_value -category Layout -key stand_wave_child_docknewline -value false
gui_set_state_value -category Layout -key stand_wave_child_pos_x -value {-2}
gui_set_state_value -category Layout -key stand_wave_child_pos_y -value {-15}
gui_set_state_value -category Layout -key stand_wave_child_size_x -value 1917
gui_set_state_value -category Layout -key stand_wave_child_size_y -value 889
gui_set_state_value -category Layout -key stand_wave_top_pos_x -value 1920
gui_set_state_value -category Layout -key stand_wave_top_pos_y -value 31
gui_set_state_value -category Layout -key stand_wave_top_size_x -value 3832
gui_set_state_value -category Layout -key stand_wave_top_size_y -value 1024
gui_create_state_key -category FindDialog -key m_pMatchCase -value_type bool -value false
gui_create_state_key -category FindDialog -key m_pMatchWord -value_type bool -value false
gui_create_state_key -category FindDialog -key m_pUseCombo -value_type string -value {}
gui_create_state_key -category FindDialog -key m_pWrapAround -value_type bool -value true
gui_create_state_key -category Widget_History -key Find|m_pFindFrame|m_pFindCombo -value_type string -value {pkt_in 943769}
gui_create_state_key -category Widget_History -key Search.1|m_pStringCombo -value_type string -value pkt_in
gui_create_state_key -category Widget_History -key TopLevel.1|qt_top_dock|&Edit|FindCombo -value_type string -value {pkt_in 943769}
gui_create_state_key -category Widget_History -key TopLevel.2|qt_top_dock|&Edit|FindCombo -value_type string -value {pkt_in 943769}
gui_create_state_key -category SearchDialog -key MatchCase -value_type bool -value false
gui_create_state_key -category SearchDialog -key MatchWord -value_type bool -value true
gui_create_state_key -category SearchDialog -key SearchMode -value_type string -value Wildcards
gui_create_state_key -category SearchDialog -key UseCombo -value_type bool -value true
gui_state_default_create -off

# Begin command logging
gui_sim_run Ucli -exe ./simv -args {-ucligui  } -dir .
gui_list_expand -id  Hier.1   ServoController_test
gui_list_expand -id  Hier.1   ServoController_test.dut_MG996R
gui_list_select -id Hier.1 -current_item_name ServoController_test.dut_MG996R.controller -current_item_type Scope  -selected  { ServoController_test.dut_MG996R.controller   }
gui_list_select_all -id Data.1
gui_open_window Wave
gui_list_add -id Wave.1 -from Data.1 { ServoController_test.dut_MG996R.controller.clock ServoController_test.dut_MG996R.controller.reset ServoController_test.dut_MG996R.controller.en {ServoController_test.dut_MG996R.controller.angle[17:0]} {ServoController_test.dut_MG996R.controller.angle_mult[17:0]} ServoController_test.dut_MG996R.controller.pwm {ServoController_test.dut_MG996R.controller.mult_result[35:0]} {ServoController_test.dut_MG996R.controller.us_offset[17:0]} {ServoController_test.dut_MG996R.controller.on_us_temp[17:0]} {ServoController_test.dut_MG996R.controller.on_us[17:0]} {ServoController_test.dut_MG996R.controller.cycles[17:0]} {ServoController_test.dut_MG996R.controller.us[17:0]} ServoController_test.dut_MG996R.controller.us_reset ServoController_test.dut_MG996R.controller.us_en ServoController_test.dut_MG996R.controller.us_done ServoController_test.dut_MG996R.controller.cycles_reset ServoController_test.dut_MG996R.controller.cycles_en ServoController_test.dut_MG996R.controller.cycles_done } -insertionbar
gui_sim_continue  
gui_zoom -window Wave.1 -full
gui_close_window -window TopLevel.2
